<?xml version="1.0" encoding="UTF-8"?>
<!-- Generated by org.testng.reporters.JUnitReportReporter -->
<testsuite hostname="Ajay" failures="0" tests="1" name="TestCases.MyFirstLoginTest" time="6.299" errors="0" timestamp="2024-01-26T03:10:53 IST" skipped="0">
  <testcase classname="TestCases.MyFirstLoginTest" name="logIn" time="6.299"/>
</testsuite> <!-- TestCases.MyFirstLoginTest -->
